<?xml version="1.0" encoding="UTF-8"?>
<!-- Generated by org.testng.reporters.JUnitReportReporter -->
<testsuite hostname="DESKTOP-MUEUS88" name="MavenProject.FirstScript.PersonalLoan" tests="2" failures="0" timestamp="27 Oct 2022 17:39:41 GMT" time="0.019" errors="0">
  <testcase name="logintoBranchforPersonalLoan" time="0.004" classname="MavenProject.FirstScript.PersonalLoan"/>
  <testcase name="logintoAPPforPersonalLoan" time="0.015" classname="MavenProject.FirstScript.PersonalLoan"/>
</testsuite> <!-- MavenProject.FirstScript.PersonalLoan -->
