<?xml version="1.0" encoding="UTF-8"?>
<!-- Generated by org.testng.reporters.JUnitReportReporter -->
<testsuite hostname="DESKTOP-MUEUS88" name="MavenProject.FirstScript.Homeloan" tests="1" failures="0" timestamp="25 Oct 2022 18:57:04 GMT" time="0.002" errors="0">
  <testcase name="logintoBranchforHomeLoan" time="0.002" classname="MavenProject.FirstScript.Homeloan"/>
</testsuite> <!-- MavenProject.FirstScript.Homeloan -->
