<?xml version="1.0" encoding="UTF-8"?>
<!-- Generated by org.testng.reporters.JUnitReportReporter -->
<testsuite hostname="DESKTOP-MUEUS88" name="MavenProject.FirstScript.Homeloan" tests="2" failures="0" timestamp="27 Oct 2022 17:39:41 GMT" time="0.005" errors="0">
  <testcase name="logintoAPPforHomeLoan" time="0.002" classname="MavenProject.FirstScript.Homeloan"/>
  <testcase name="logintoBranchforHomeLoan" time="0.003" classname="MavenProject.FirstScript.Homeloan"/>
</testsuite> <!-- MavenProject.FirstScript.Homeloan -->
